2017-08-21 20:50:28,598 ERROR [main] - Statistics - Statistics file `C:\Users\tvmma\.scalaide\statistics` is corrupted. A new one is being created. Corrupted content was:

com.cedarsoftware.util.io.JsonIoException: error parsing JSON value
	at com.cedarsoftware.util.io.JsonReader.readObject(JsonReader.java:529)
	at com.cedarsoftware.util.io.JsonReader.jsonToJava(JsonReader.java:289)
	at com.cedarsoftware.util.io.JsonReader.jsonToJava(JsonReader.java:262)
	at org.scalaide.core.internal.statistics.Statistics.read(Statistics.scala:74)
	at org.scalaide.core.internal.statistics.Statistics.$anonfun$readStats$1(Statistics.scala:52)
	at org.scalaide.core.internal.statistics.Statistics.$anonfun$readStats$1$adapted(Statistics.scala:51)
	at org.scalaide.core.ScalaIdeDataStore$.$anonfun$validate$2(ScalaIdeDataStore.scala:59)
	at org.scalaide.util.eclipse.EclipseUtils$$anon$3.run(EclipseUtils.scala:230)
	at org.eclipse.core.runtime.SafeRunner.run(SafeRunner.java:42)
	at org.scalaide.util.eclipse.EclipseUtils$.withSafeRunner(EclipseUtils.scala:226)
	at org.scalaide.core.ScalaIdeDataStore$.validate(ScalaIdeDataStore.scala:59)
	at org.scalaide.core.internal.statistics.Statistics.readStats(Statistics.scala:51)
	at org.scalaide.core.internal.statistics.Statistics.<init>(Statistics.scala:30)
	at org.scalaide.core.internal.ScalaPlugin.stats$lzycompute(ScalaPlugin.scala:137)
	at org.scalaide.core.internal.ScalaPlugin.stats(ScalaPlugin.scala:137)
	at org.scalaide.core.internal.ScalaPlugin.statistics(ScalaPlugin.scala:140)
	at org.scalaide.core.internal.ScalaPlugin.start(ScalaPlugin.scala:111)
	at org.eclipse.osgi.internal.framework.BundleContextImpl$3.run(BundleContextImpl.java:779)
	at org.eclipse.osgi.internal.framework.BundleContextImpl$3.run(BundleContextImpl.java:1)
	at java.security.AccessController.doPrivileged(Native Method)
	at org.eclipse.osgi.internal.framework.BundleContextImpl.startActivator(BundleContextImpl.java:772)
	at org.eclipse.osgi.internal.framework.BundleContextImpl.start(BundleContextImpl.java:729)
	at org.eclipse.osgi.internal.framework.EquinoxBundle.startWorker0(EquinoxBundle.java:933)
	at org.eclipse.osgi.internal.framework.EquinoxBundle$EquinoxModule.startWorker(EquinoxBundle.java:309)
	at org.eclipse.osgi.container.Module.doStart(Module.java:581)
	at org.eclipse.osgi.container.Module.start(Module.java:449)
	at org.eclipse.osgi.framework.util.SecureAction.start(SecureAction.java:468)
	at org.eclipse.osgi.internal.hooks.EclipseLazyStarter.postFindLocalClass(EclipseLazyStarter.java:103)
	at org.eclipse.osgi.internal.loader.classpath.ClasspathManager.findLocalClass(ClasspathManager.java:529)
	at org.eclipse.osgi.internal.loader.ModuleClassLoader.findLocalClass(ModuleClassLoader.java:328)
	at org.eclipse.osgi.internal.loader.BundleLoader.findLocalClass(BundleLoader.java:368)
	at org.eclipse.osgi.internal.loader.BundleLoader.findClassInternal(BundleLoader.java:446)
	at org.eclipse.osgi.internal.loader.BundleLoader.findClass(BundleLoader.java:395)
	at org.eclipse.osgi.internal.loader.BundleLoader.findClass(BundleLoader.java:387)
	at org.eclipse.osgi.internal.loader.ModuleClassLoader.loadClass(ModuleClassLoader.java:150)
	at java.lang.ClassLoader.loadClass(Unknown Source)
	at org.eclipse.osgi.internal.framework.EquinoxBundle.loadClass(EquinoxBundle.java:564)
	at org.eclipse.core.internal.registry.osgi.RegistryStrategyOSGI.createExecutableExtension(RegistryStrategyOSGI.java:174)
	at org.eclipse.core.internal.registry.ExtensionRegistry.createExecutableExtension(ExtensionRegistry.java:905)
	at org.eclipse.core.internal.registry.ConfigurationElement.createExecutableExtension(ConfigurationElement.java:243)
	at org.eclipse.core.internal.registry.ConfigurationElementHandle.createExecutableExtension(ConfigurationElementHandle.java:55)
	at org.eclipse.jdt.internal.ui.filters.FilterDescriptor$1.run(FilterDescriptor.java:135)
	at org.eclipse.core.runtime.SafeRunner.run(SafeRunner.java:42)
	at org.eclipse.jdt.internal.ui.filters.FilterDescriptor.createViewerFilter(FilterDescriptor.java:139)
	at org.eclipse.jdt.ui.actions.CustomFiltersActionGroup$FilterItem.getFilterInstance(CustomFiltersActionGroup.java:187)
	at org.eclipse.jdt.ui.actions.CustomFiltersActionGroup.updateViewerFilters(CustomFiltersActionGroup.java:517)
	at org.eclipse.jdt.ui.actions.CustomFiltersActionGroup.<init>(CustomFiltersActionGroup.java:275)
	at org.eclipse.jdt.ui.actions.CustomFiltersActionGroup.<init>(CustomFiltersActionGroup.java:241)
	at org.eclipse.jdt.internal.ui.packageview.PackageExplorerActionGroup.<init>(PackageExplorerActionGroup.java:149)
	at org.eclipse.jdt.internal.ui.packageview.PackageExplorerPart.makeActions(PackageExplorerPart.java:800)
	at org.eclipse.jdt.internal.ui.packageview.PackageExplorerPart.createPartControl(PackageExplorerPart.java:506)
	at org.eclipse.ui.internal.e4.compatibility.CompatibilityPart.createPartControl(CompatibilityPart.java:151)
	at org.eclipse.ui.internal.e4.compatibility.CompatibilityView.createPartControl(CompatibilityView.java:147)
	at org.eclipse.ui.internal.e4.compatibility.CompatibilityPart.create(CompatibilityPart.java:355)
	at sun.reflect.NativeMethodAccessorImpl.invoke0(Native Method)
	at sun.reflect.NativeMethodAccessorImpl.invoke(Unknown Source)
	at sun.reflect.DelegatingMethodAccessorImpl.invoke(Unknown Source)
	at java.lang.reflect.Method.invoke(Unknown Source)
	at org.eclipse.e4.core.internal.di.MethodRequestor.execute(MethodRequestor.java:55)
	at org.eclipse.e4.core.internal.di.InjectorImpl.processAnnotated(InjectorImpl.java:990)
	at org.eclipse.e4.core.internal.di.InjectorImpl.processAnnotated(InjectorImpl.java:955)
	at org.eclipse.e4.core.internal.di.InjectorImpl.inject(InjectorImpl.java:124)
	at org.eclipse.e4.core.internal.di.InjectorImpl.internalMake(InjectorImpl.java:399)
	at org.eclipse.e4.core.internal.di.InjectorImpl.make(InjectorImpl.java:318)
	at org.eclipse.e4.core.contexts.ContextInjectionFactory.make(ContextInjectionFactory.java:162)
	at org.eclipse.e4.ui.internal.workbench.ReflectionContributionFactory.createFromBundle(ReflectionContributionFactory.java:105)
	at org.eclipse.e4.ui.internal.workbench.ReflectionContributionFactory.doCreate(ReflectionContributionFactory.java:74)
	at org.eclipse.e4.ui.internal.workbench.ReflectionContributionFactory.create(ReflectionContributionFactory.java:56)
	at org.eclipse.e4.ui.workbench.renderers.swt.ContributedPartRenderer.createWidget(ContributedPartRenderer.java:129)
	at org.eclipse.e4.ui.internal.workbench.swt.PartRenderingEngine.createWidget(PartRenderingEngine.java:997)
	at org.eclipse.e4.ui.internal.workbench.swt.PartRenderingEngine.safeCreateGui(PartRenderingEngine.java:666)
	at org.eclipse.e4.ui.internal.workbench.swt.PartRenderingEngine$1.run(PartRenderingEngine.java:551)
	at org.eclipse.core.runtime.SafeRunner.run(SafeRunner.java:42)
	at org.eclipse.e4.ui.internal.workbench.swt.PartRenderingEngine.createGui(PartRenderingEngine.java:535)
	at org.eclipse.e4.ui.workbench.renderers.swt.ElementReferenceRenderer.createWidget(ElementReferenceRenderer.java:70)
	at org.eclipse.e4.ui.internal.workbench.swt.PartRenderingEngine.createWidget(PartRenderingEngine.java:997)
	at org.eclipse.e4.ui.internal.workbench.swt.PartRenderingEngine.safeCreateGui(PartRenderingEngine.java:666)
	at org.eclipse.e4.ui.internal.workbench.swt.PartRenderingEngine.safeCreateGui(PartRenderingEngine.java:772)
	at org.eclipse.e4.ui.internal.workbench.swt.PartRenderingEngine.access$0(PartRenderingEngine.java:743)
	at org.eclipse.e4.ui.internal.workbench.swt.PartRenderingEngine$2.run(PartRenderingEngine.java:737)
	at org.eclipse.core.runtime.SafeRunner.run(SafeRunner.java:42)
	at org.eclipse.e4.ui.internal.workbench.swt.PartRenderingEngine.createGui(PartRenderingEngine.java:721)
	at org.eclipse.e4.ui.internal.workbench.PartServiceImpl$1.handleEvent(PartServiceImpl.java:109)
	at org.eclipse.e4.ui.services.internal.events.UIEventHandler$1.run(UIEventHandler.java:40)
	at org.eclipse.swt.widgets.Synchronizer.syncExec(Synchronizer.java:233)
	at org.eclipse.ui.internal.UISynchronizer.syncExec(UISynchronizer.java:144)
	at org.eclipse.swt.widgets.Display.syncExec(Display.java:4889)
	at org.eclipse.e4.ui.internal.workbench.swt.E4Application$1.syncExec(E4Application.java:212)
	at org.eclipse.e4.ui.services.internal.events.UIEventHandler.handleEvent(UIEventHandler.java:36)
	at org.eclipse.equinox.internal.event.EventHandlerWrapper.handleEvent(EventHandlerWrapper.java:201)
	at org.eclipse.equinox.internal.event.EventHandlerTracker.dispatchEvent(EventHandlerTracker.java:197)
	at org.eclipse.equinox.internal.event.EventHandlerTracker.dispatchEvent(EventHandlerTracker.java:1)
	at org.eclipse.osgi.framework.eventmgr.EventManager.dispatchEvent(EventManager.java:230)
	at org.eclipse.osgi.framework.eventmgr.ListenerQueue.dispatchEventSynchronous(ListenerQueue.java:148)
	at org.eclipse.equinox.internal.event.EventAdminImpl.dispatchEvent(EventAdminImpl.java:135)
	at org.eclipse.equinox.internal.event.EventAdminImpl.sendEvent(EventAdminImpl.java:78)
	at org.eclipse.equinox.internal.event.EventComponent.sendEvent(EventComponent.java:39)
	at org.eclipse.e4.ui.services.internal.events.EventBroker.send(EventBroker.java:52)
	at org.eclipse.e4.ui.internal.workbench.UIEventPublisher.notifyChanged(UIEventPublisher.java:60)
	at org.eclipse.emf.common.notify.impl.BasicNotifierImpl.eNotify(BasicNotifierImpl.java:374)
	at org.eclipse.e4.ui.model.application.ui.impl.ElementContainerImpl.setSelectedElement(ElementContainerImpl.java:173)
	at org.eclipse.e4.ui.workbench.renderers.swt.LazyStackRenderer.postProcess(LazyStackRenderer.java:102)
	at org.eclipse.e4.ui.internal.workbench.swt.PartRenderingEngine.safeCreateGui(PartRenderingEngine.java:684)
	at org.eclipse.e4.ui.internal.workbench.swt.PartRenderingEngine.safeCreateGui(PartRenderingEngine.java:772)
	at org.eclipse.e4.ui.internal.workbench.swt.PartRenderingEngine.access$0(PartRenderingEngine.java:743)
	at org.eclipse.e4.ui.internal.workbench.swt.PartRenderingEngine$2.run(PartRenderingEngine.java:737)
	at org.eclipse.core.runtime.SafeRunner.run(SafeRunner.java:42)
	at org.eclipse.e4.ui.internal.workbench.swt.PartRenderingEngine.createGui(PartRenderingEngine.java:721)
	at org.eclipse.e4.ui.workbench.renderers.swt.SWTPartRenderer.processContents(SWTPartRenderer.java:69)
	at org.eclipse.e4.ui.workbench.renderers.swt.SashRenderer.processContents(SashRenderer.java:137)
	at org.eclipse.e4.ui.internal.workbench.swt.PartRenderingEngine.safeCreateGui(PartRenderingEngine.java:680)
	at org.eclipse.e4.ui.internal.workbench.swt.PartRenderingEngine.safeCreateGui(PartRenderingEngine.java:772)
	at org.eclipse.e4.ui.internal.workbench.swt.PartRenderingEngine.access$0(PartRenderingEngine.java:743)
	at org.eclipse.e4.ui.internal.workbench.swt.PartRenderingEngine$2.run(PartRenderingEngine.java:737)
	at org.eclipse.core.runtime.SafeRunner.run(SafeRunner.java:42)
	at org.eclipse.e4.ui.internal.workbench.swt.PartRenderingEngine.createGui(PartRenderingEngine.java:721)
	at org.eclipse.e4.ui.workbench.renderers.swt.SWTPartRenderer.processContents(SWTPartRenderer.java:69)
	at org.eclipse.e4.ui.workbench.renderers.swt.SashRenderer.processContents(SashRenderer.java:137)
	at org.eclipse.e4.ui.internal.workbench.swt.PartRenderingEngine.safeCreateGui(PartRenderingEngine.java:680)
	at org.eclipse.e4.ui.internal.workbench.swt.PartRenderingEngine.safeCreateGui(PartRenderingEngine.java:772)
	at org.eclipse.e4.ui.internal.workbench.swt.PartRenderingEngine.access$0(PartRenderingEngine.java:743)
	at org.eclipse.e4.ui.internal.workbench.swt.PartRenderingEngine$2.run(PartRenderingEngine.java:737)
	at org.eclipse.core.runtime.SafeRunner.run(SafeRunner.java:42)
	at org.eclipse.e4.ui.internal.workbench.swt.PartRenderingEngine.createGui(PartRenderingEngine.java:721)
	at org.eclipse.e4.ui.workbench.renderers.swt.SWTPartRenderer.processContents(SWTPartRenderer.java:69)
	at org.eclipse.e4.ui.workbench.renderers.swt.PerspectiveRenderer.processContents(PerspectiveRenderer.java:49)
	at org.eclipse.e4.ui.internal.workbench.swt.PartRenderingEngine.safeCreateGui(PartRenderingEngine.java:680)
	at org.eclipse.e4.ui.internal.workbench.swt.PartRenderingEngine.safeCreateGui(PartRenderingEngine.java:772)
	at org.eclipse.e4.ui.internal.workbench.swt.PartRenderingEngine.access$0(PartRenderingEngine.java:743)
	at org.eclipse.e4.ui.internal.workbench.swt.PartRenderingEngine$2.run(PartRenderingEngine.java:737)
	at org.eclipse.core.runtime.SafeRunner.run(SafeRunner.java:42)
	at org.eclipse.e4.ui.internal.workbench.swt.PartRenderingEngine.createGui(PartRenderingEngine.java:721)
	at org.eclipse.e4.ui.workbench.renderers.swt.PerspectiveStackRenderer.showTab(PerspectiveStackRenderer.java:79)
	at org.eclipse.e4.ui.workbench.renderers.swt.LazyStackRenderer.lambda$0(LazyStackRenderer.java:68)
	at org.eclipse.e4.ui.services.internal.events.UIEventHandler$1.run(UIEventHandler.java:40)
	at org.eclipse.swt.widgets.Synchronizer.syncExec(Synchronizer.java:233)
	at org.eclipse.ui.internal.UISynchronizer.syncExec(UISynchronizer.java:144)
	at org.eclipse.swt.widgets.Display.syncExec(Display.java:4889)
	at org.eclipse.e4.ui.internal.workbench.swt.E4Application$1.syncExec(E4Application.java:212)
	at org.eclipse.e4.ui.services.internal.events.UIEventHandler.handleEvent(UIEventHandler.java:36)
	at org.eclipse.equinox.internal.event.EventHandlerWrapper.handleEvent(EventHandlerWrapper.java:201)
	at org.eclipse.equinox.internal.event.EventHandlerTracker.dispatchEvent(EventHandlerTracker.java:197)
	at org.eclipse.equinox.internal.event.EventHandlerTracker.dispatchEvent(EventHandlerTracker.java:1)
	at org.eclipse.osgi.framework.eventmgr.EventManager.dispatchEvent(EventManager.java:230)
	at org.eclipse.osgi.framework.eventmgr.ListenerQueue.dispatchEventSynchronous(ListenerQueue.java:148)
	at org.eclipse.equinox.internal.event.EventAdminImpl.dispatchEvent(EventAdminImpl.java:135)
	at org.eclipse.equinox.internal.event.EventAdminImpl.sendEvent(EventAdminImpl.java:78)
	at org.eclipse.equinox.internal.event.EventComponent.sendEvent(EventComponent.java:39)
	at org.eclipse.e4.ui.services.internal.events.EventBroker.send(EventBroker.java:52)
	at org.eclipse.e4.ui.internal.workbench.UIEventPublisher.notifyChanged(UIEventPublisher.java:60)
	at org.eclipse.emf.common.notify.impl.BasicNotifierImpl.eNotify(BasicNotifierImpl.java:374)
	at org.eclipse.e4.ui.model.application.ui.advanced.impl.PerspectiveStackImpl.setSelectedElement(PerspectiveStackImpl.java:135)
	at org.eclipse.e4.ui.model.application.ui.advanced.impl.PerspectiveStackImpl.setSelectedElement(PerspectiveStackImpl.java:1)
	at org.eclipse.ui.internal.WorkbenchPage.setPerspective(WorkbenchPage.java:4104)
	at org.eclipse.ui.internal.WorkbenchWindow.setup(WorkbenchWindow.java:738)
	at sun.reflect.NativeMethodAccessorImpl.invoke0(Native Method)
	at sun.reflect.NativeMethodAccessorImpl.invoke(Unknown Source)
	at sun.reflect.DelegatingMethodAccessorImpl.invoke(Unknown Source)
	at java.lang.reflect.Method.invoke(Unknown Source)
	at org.eclipse.e4.core.internal.di.MethodRequestor.execute(MethodRequestor.java:55)
	at org.eclipse.e4.core.internal.di.InjectorImpl.processAnnotated(InjectorImpl.java:990)
	at org.eclipse.e4.core.internal.di.InjectorImpl.inject(InjectorImpl.java:124)
	at org.eclipse.e4.core.internal.di.InjectorImpl.inject(InjectorImpl.java:91)
	at org.eclipse.e4.core.contexts.ContextInjectionFactory.inject(ContextInjectionFactory.java:73)
	at org.eclipse.ui.internal.Workbench.createWorkbenchWindow(Workbench.java:1494)
	at org.eclipse.ui.internal.Workbench.getActiveWorkbenchWindow(Workbench.java:1468)
	at org.eclipse.ui.internal.services.WorkbenchSourceProvider.updateActiveShell(WorkbenchSourceProvider.java:907)
	at org.eclipse.ui.internal.services.WorkbenchSourceProvider.getCurrentState(WorkbenchSourceProvider.java:115)
	at org.eclipse.ui.internal.services.WorkbenchSourceProvider.lambda$2(WorkbenchSourceProvider.java:668)
	at org.eclipse.swt.widgets.EventTable.sendEvent(EventTable.java:86)
	at org.eclipse.swt.widgets.Display.filterEvent(Display.java:1271)
	at org.eclipse.swt.widgets.Widget.sendEvent(Widget.java:1078)
	at org.eclipse.swt.widgets.Widget.sendEvent(Widget.java:1103)
	at org.eclipse.swt.widgets.Widget.sendEvent(Widget.java:1088)
	at org.eclipse.swt.widgets.Decorations.WM_ACTIVATE(Decorations.java:1698)
	at org.eclipse.swt.widgets.Shell.WM_ACTIVATE(Shell.java:2277)
	at org.eclipse.swt.widgets.Control.windowProc(Control.java:4840)
	at org.eclipse.swt.widgets.Canvas.windowProc(Canvas.java:359)
	at org.eclipse.swt.widgets.Decorations.windowProc(Decorations.java:1657)
	at org.eclipse.swt.widgets.Shell.windowProc(Shell.java:2199)
	at org.eclipse.swt.widgets.Display.windowProc(Display.java:5178)
	at org.eclipse.swt.internal.win32.OS.BringWindowToTop(Native Method)
	at org.eclipse.swt.widgets.Decorations.bringToTop(Decorations.java:232)
	at org.eclipse.swt.widgets.Shell.open(Shell.java:1270)
	at org.eclipse.e4.ui.workbench.renderers.swt.WBWRenderer.postProcess(WBWRenderer.java:784)
	at org.eclipse.e4.ui.internal.workbench.swt.PartRenderingEngine.safeCreateGui(PartRenderingEngine.java:684)
	at org.eclipse.e4.ui.internal.workbench.swt.PartRenderingEngine.safeCreateGui(PartRenderingEngine.java:772)
	at org.eclipse.e4.ui.internal.workbench.swt.PartRenderingEngine.access$0(PartRenderingEngine.java:743)
	at org.eclipse.e4.ui.internal.workbench.swt.PartRenderingEngine$2.run(PartRenderingEngine.java:737)
	at org.eclipse.core.runtime.SafeRunner.run(SafeRunner.java:42)
	at org.eclipse.e4.ui.internal.workbench.swt.PartRenderingEngine.createGui(PartRenderingEngine.java:721)
	at org.eclipse.e4.ui.internal.workbench.swt.PartRenderingEngine$5.run(PartRenderingEngine.java:1081)
	at org.eclipse.core.databinding.observable.Realm.runWithDefault(Realm.java:336)
	at org.eclipse.e4.ui.internal.workbench.swt.PartRenderingEngine.run(PartRenderingEngine.java:1044)
	at org.eclipse.e4.ui.internal.workbench.E4Workbench.createAndRunUI(E4Workbench.java:153)
	at org.eclipse.ui.internal.Workbench.lambda$3(Workbench.java:680)
	at org.eclipse.core.databinding.observable.Realm.runWithDefault(Realm.java:336)
	at org.eclipse.ui.internal.Workbench.createAndRunWorkbench(Workbench.java:594)
	at org.eclipse.ui.PlatformUI.createAndRunWorkbench(PlatformUI.java:148)
	at org.eclipse.ui.internal.ide.application.IDEApplication.start(IDEApplication.java:151)
	at org.eclipse.equinox.internal.app.EclipseAppHandle.run(EclipseAppHandle.java:196)
	at org.eclipse.core.runtime.internal.adaptor.EclipseAppLauncher.runApplication(EclipseAppLauncher.java:134)
	at org.eclipse.core.runtime.internal.adaptor.EclipseAppLauncher.start(EclipseAppLauncher.java:104)
	at org.eclipse.core.runtime.adaptor.EclipseStarter.run(EclipseStarter.java:388)
	at org.eclipse.core.runtime.adaptor.EclipseStarter.run(EclipseStarter.java:243)
	at sun.reflect.NativeMethodAccessorImpl.invoke0(Native Method)
	at sun.reflect.NativeMethodAccessorImpl.invoke(Unknown Source)
	at sun.reflect.DelegatingMethodAccessorImpl.invoke(Unknown Source)
	at java.lang.reflect.Method.invoke(Unknown Source)
	at org.eclipse.equinox.launcher.Main.invokeFramework(Main.java:653)
	at org.eclipse.equinox.launcher.Main.basicRun(Main.java:590)
	at org.eclipse.equinox.launcher.Main.run(Main.java:1499)
Caused by: com.cedarsoftware.util.io.JsonIoException: EOF reached prematurely
	at com.cedarsoftware.util.io.JsonParser.error(JsonParser.java:584)
	at com.cedarsoftware.util.io.JsonParser.readValue(JsonParser.java:278)
	at com.cedarsoftware.util.io.JsonReader.readObject(JsonReader.java:521)
	... 211 more
2017-08-21 20:50:57,818 ERROR [main] - System.err - [org.eclipse.jdt.launching] error can't determine modifiers of missing type org.eclipse.pde.internal.ui.wizards.imports.PluginImportHelper
when weaving type org.eclipse.jdt.launching.JavaRuntime
when weaving classes 
when weaving 
 [Xlint:cantFindType]
2017-08-21 20:51:05,931  WARN [ModalContext] - ScalaProject - Project TP1 has platform default sourceLevel.
2017-08-21 20:51:05,934  WARN [ModalContext] - ScalaProject - Project TP1 runs on platform default installation.
2017-08-21 20:51:10,611  WARN [Worker-0] - ScalaProject - Project TP1 has platform default sourceLevel.
2017-08-21 20:51:10,614  WARN [Worker-0] - ScalaProject - Project TP1 runs on platform default installation.
2017-08-21 20:51:30,975  WARN [main] - ScalaProject - Project TP1 has platform default sourceLevel.
2017-08-21 20:51:30,976  WARN [main] - ScalaProject - Project TP1 runs on platform default installation.
2017-08-21 20:51:33,714  WARN [Worker-10] - ScalaProject - Project TP1 has platform default sourceLevel.
2017-08-21 20:51:33,715  WARN [Worker-10] - ScalaProject - Project TP1 runs on platform default installation.
2017-08-21 20:51:34,123  WARN [Java indexing] - ScalaProject - Project TP1 has platform default sourceLevel.
2017-08-21 20:51:34,123  WARN [Java indexing] - ScalaProject - Project TP1 runs on platform default installation.
2017-08-21 20:51:40,469  WARN [Worker-13] - ScalaProject - Project TP1 has platform default sourceLevel.
2017-08-21 20:51:40,469  WARN [Worker-13] - ScalaProject - Project TP1 runs on platform default installation.
2017-08-21 20:51:43,973 ERROR [main] - System.err - [org.eclipse.jdt.debug.ui] error can't determine modifiers of missing type org.eclipse.pde.internal.ui.wizards.imports.PluginImportHelper
when weaving type org.eclipse.jdt.internal.debug.ui.actions.ToggleBreakpointAdapter
when weaving classes 
when weaving 
 [Xlint:cantFindType]
2017-08-21 20:51:44,109 ERROR [main] - System.err - [org.eclipse.jdt.debug] error can't determine modifiers of missing type org.eclipse.pde.internal.ui.wizards.imports.PluginImportHelper
when weaving type org.eclipse.jdt.debug.core.IJavaHotCodeReplaceListener
when weaving classes 
when weaving 
 [Xlint:cantFindType]
2017-08-21 20:51:45,264 ERROR [main] - org.scala-ide.sdt.core - org.scala-ide.sdt.core - org.scala-ide.sdt.core - 0 - An error occurred while trying to create a file.
org.eclipse.core.internal.resources.ResourceException: Resource '/TP1/src/Hello.scala' already exists.
	at org.eclipse.core.internal.resources.Resource.checkDoesNotExist(Resource.java:314)
	at org.eclipse.core.internal.resources.Resource.checkDoesNotExist(Resource.java:301)
	at org.eclipse.core.internal.resources.File.create(File.java:107)
	at org.eclipse.core.internal.resources.File.create(File.java:181)
	at org.scalaide.util.eclipse.FileUtils$.$anonfun$createFile$1(FileUtils.scala:112)
	at scala.runtime.java8.JFunction0$mcV$sp.apply(JFunction0$mcV$sp.java:12)
	at scala.util.Try$.apply(Try.scala:209)
	at org.scalaide.util.eclipse.FileUtils$.createFile(FileUtils.scala:110)
	at org.scalaide.ui.internal.wizards.NewFileWizard.$anonfun$okPressed$13(NewFileWizard.scala:284)
	at org.scalaide.ui.internal.wizards.NewFileWizard.$anonfun$okPressed$13$adapted(NewFileWizard.scala:283)
	at scala.Option.foreach(Option.scala:257)
	at org.scalaide.ui.internal.wizards.NewFileWizard.okPressed(NewFileWizard.scala:283)
	at org.scalaide.ui.internal.wizards.NewFileWizard.okPressed$(NewFileWizard.scala:230)
	at org.scalaide.ui.internal.wizards.NewFileWizardAdapter$$anon$1.okPressed(NewFileWizardAdapter.scala:28)
	at org.scalaide.ui.internal.wizards.NewFileWizardAdapter.performFinish(NewFileWizardAdapter.scala:55)
	at org.eclipse.jface.wizard.WizardDialog.finishPressed(WizardDialog.java:778)
	at org.eclipse.jface.wizard.WizardDialog.buttonPressed(WizardDialog.java:417)
	at org.eclipse.jface.dialogs.Dialog.lambda$0(Dialog.java:619)
	at org.eclipse.swt.events.SelectionListener$1.widgetSelected(SelectionListener.java:81)
	at org.eclipse.swt.widgets.TypedListener.handleEvent(TypedListener.java:249)
	at org.eclipse.swt.widgets.EventTable.sendEvent(EventTable.java:86)
	at org.eclipse.swt.widgets.Display.sendEvent(Display.java:4428)
	at org.eclipse.swt.widgets.Widget.sendEvent(Widget.java:1079)
	at org.eclipse.swt.widgets.Display.runDeferredEvents(Display.java:4238)
	at org.eclipse.swt.widgets.Display.readAndDispatch(Display.java:3817)
	at org.eclipse.ui.internal.dialogs.EventLoopProgressMonitor.runEventLoop(EventLoopProgressMonitor.java:125)
	at org.eclipse.ui.internal.dialogs.EventLoopProgressMonitor.isCanceled(EventLoopProgressMonitor.java:99)
	at org.eclipse.core.internal.jobs.ThreadJob.isCanceled(ThreadJob.java:144)
	at org.eclipse.core.internal.jobs.ThreadJob.waitForRun(ThreadJob.java:250)
	at org.eclipse.core.internal.jobs.ThreadJob.joinRun(ThreadJob.java:199)
	at org.eclipse.core.internal.jobs.ImplicitJobs.begin(ImplicitJobs.java:92)
	at org.eclipse.core.internal.jobs.JobManager.beginRule(JobManager.java:308)
	at org.eclipse.core.internal.resources.WorkManager.checkIn(WorkManager.java:121)
	at org.eclipse.core.internal.resources.Workspace.prepareOperation(Workspace.java:2188)
	at org.eclipse.core.internal.resources.File.setContents(File.java:334)
	at org.eclipse.core.internal.resources.File.setContents(File.java:434)
	at org.scalaide.ui.internal.wizards.NewFileWizard.openFileInSrcDir$1(NewFileWizard.scala:367)
	at org.scalaide.ui.internal.wizards.NewFileWizard.openEditor(NewFileWizard.scala:375)
	at org.scalaide.ui.internal.wizards.NewFileWizard.$anonfun$okPressed$13(NewFileWizard.scala:287)
	at org.scalaide.ui.internal.wizards.NewFileWizard.$anonfun$okPressed$13$adapted(NewFileWizard.scala:283)
	at scala.Option.foreach(Option.scala:257)
	at org.scalaide.ui.internal.wizards.NewFileWizard.okPressed(NewFileWizard.scala:283)
	at org.scalaide.ui.internal.wizards.NewFileWizard.okPressed$(NewFileWizard.scala:230)
	at org.scalaide.ui.internal.wizards.NewFileWizardAdapter$$anon$1.okPressed(NewFileWizardAdapter.scala:28)
	at org.scalaide.ui.internal.wizards.NewFileWizardAdapter.performFinish(NewFileWizardAdapter.scala:55)
	at org.eclipse.jface.wizard.WizardDialog.finishPressed(WizardDialog.java:778)
	at org.eclipse.jface.wizard.WizardDialog.buttonPressed(WizardDialog.java:417)
	at org.eclipse.jface.dialogs.Dialog.lambda$0(Dialog.java:619)
	at org.eclipse.swt.events.SelectionListener$1.widgetSelected(SelectionListener.java:81)
	at org.eclipse.swt.widgets.TypedListener.handleEvent(TypedListener.java:249)
	at org.eclipse.swt.widgets.EventTable.sendEvent(EventTable.java:86)
	at org.eclipse.swt.widgets.Display.sendEvent(Display.java:4428)
	at org.eclipse.swt.widgets.Widget.sendEvent(Widget.java:1079)
	at org.eclipse.swt.widgets.Display.runDeferredEvents(Display.java:4238)
	at org.eclipse.swt.widgets.Display.readAndDispatch(Display.java:3817)
	at org.eclipse.jface.window.Window.runEventLoop(Window.java:818)
	at org.eclipse.jface.window.Window.open(Window.java:794)
	at org.eclipse.ui.internal.actions.NewWizardShortcutAction.run(NewWizardShortcutAction.java:133)
	at org.eclipse.jface.action.Action.runWithEvent(Action.java:473)
	at org.eclipse.jface.action.ActionContributionItem.handleWidgetSelection(ActionContributionItem.java:565)
	at org.eclipse.jface.action.ActionContributionItem.lambda$4(ActionContributionItem.java:397)
	at org.eclipse.swt.widgets.EventTable.sendEvent(EventTable.java:86)
	at org.eclipse.swt.widgets.Display.sendEvent(Display.java:4428)
	at org.eclipse.swt.widgets.Widget.sendEvent(Widget.java:1079)
	at org.eclipse.swt.widgets.Display.runDeferredEvents(Display.java:4238)
	at org.eclipse.swt.widgets.Display.readAndDispatch(Display.java:3817)
	at org.eclipse.e4.ui.internal.workbench.swt.PartRenderingEngine$5.run(PartRenderingEngine.java:1155)
	at org.eclipse.core.databinding.observable.Realm.runWithDefault(Realm.java:336)
	at org.eclipse.e4.ui.internal.workbench.swt.PartRenderingEngine.run(PartRenderingEngine.java:1044)
	at org.eclipse.e4.ui.internal.workbench.E4Workbench.createAndRunUI(E4Workbench.java:153)
	at org.eclipse.ui.internal.Workbench.lambda$3(Workbench.java:680)
	at org.eclipse.core.databinding.observable.Realm.runWithDefault(Realm.java:336)
	at org.eclipse.ui.internal.Workbench.createAndRunWorkbench(Workbench.java:594)
	at org.eclipse.ui.PlatformUI.createAndRunWorkbench(PlatformUI.java:148)
	at org.eclipse.ui.internal.ide.application.IDEApplication.start(IDEApplication.java:151)
	at org.eclipse.equinox.internal.app.EclipseAppHandle.run(EclipseAppHandle.java:196)
	at org.eclipse.core.runtime.internal.adaptor.EclipseAppLauncher.runApplication(EclipseAppLauncher.java:134)
	at org.eclipse.core.runtime.internal.adaptor.EclipseAppLauncher.start(EclipseAppLauncher.java:104)
	at org.eclipse.core.runtime.adaptor.EclipseStarter.run(EclipseStarter.java:388)
	at org.eclipse.core.runtime.adaptor.EclipseStarter.run(EclipseStarter.java:243)
	at sun.reflect.NativeMethodAccessorImpl.invoke0(Native Method)
	at sun.reflect.NativeMethodAccessorImpl.invoke(Unknown Source)
	at sun.reflect.DelegatingMethodAccessorImpl.invoke(Unknown Source)
	at java.lang.reflect.Method.invoke(Unknown Source)
	at org.eclipse.equinox.launcher.Main.invokeFramework(Main.java:653)
	at org.eclipse.equinox.launcher.Main.basicRun(Main.java:590)
	at org.eclipse.equinox.launcher.Main.run(Main.java:1499)
2017-08-21 20:51:58,548 ERROR [main] - System.err - [org.eclipse.jdt.junit] error can't determine modifiers of missing type org.eclipse.pde.internal.ui.wizards.imports.PluginImportHelper
when weaving type org.eclipse.jdt.internal.junit.ui.JUnitQuickFixProcessor
when weaving classes 
when weaving 
 [Xlint:cantFindType]
2017-08-21 20:56:05,140  WARN [Worker-4] - ScalaProject - Project TP1 has platform default sourceLevel.
2017-08-21 20:56:05,141  WARN [Worker-4] - ScalaProject - Project TP1 runs on platform default installation.
2017-08-21 20:59:14,974  WARN [Worker-7] - ScalaProject - Project TP1 has platform default sourceLevel.
2017-08-21 20:59:14,974  WARN [Worker-7] - ScalaProject - Project TP1 runs on platform default installation.
2017-08-21 21:00:32,739  WARN [Worker-6] - ScalaProject - Project TP1 has platform default sourceLevel.
2017-08-21 21:00:32,739  WARN [Worker-6] - ScalaProject - Project TP1 runs on platform default installation.
2017-08-21 21:00:50,600  WARN [Worker-7] - ScalaProject - Project TP1 has platform default sourceLevel.
2017-08-21 21:00:50,600  WARN [Worker-7] - ScalaProject - Project TP1 runs on platform default installation.
2017-08-21 21:03:17,997  WARN [Worker-4] - ScalaProject - Project TP1 has platform default sourceLevel.
2017-08-21 21:03:17,997  WARN [Worker-4] - ScalaProject - Project TP1 runs on platform default installation.
2017-08-21 21:13:22,361  WARN [Worker-4] - ScalaProject - Project TP1 has platform default sourceLevel.
2017-08-21 21:13:22,361  WARN [Worker-4] - ScalaProject - Project TP1 runs on platform default installation.
2017-08-21 21:26:37,845  WARN [Worker-21] - ScalaProject - Project TP1 has platform default sourceLevel.
2017-08-21 21:26:37,845  WARN [Worker-21] - ScalaProject - Project TP1 runs on platform default installation.
2017-08-21 21:34:55,095  WARN [Worker-4] - ScalaProject - Project TP1 has platform default sourceLevel.
2017-08-21 21:34:55,096  WARN [Worker-4] - ScalaProject - Project TP1 runs on platform default installation.
2017-08-21 21:35:06,284  WARN [Worker-21] - ScalaProject - Project TP1 has platform default sourceLevel.
2017-08-21 21:35:06,285  WARN [Worker-21] - ScalaProject - Project TP1 runs on platform default installation.
2017-08-21 21:35:26,391  WARN [Worker-21] - ScalaProject - Project TP1 has platform default sourceLevel.
2017-08-21 21:35:26,392  WARN [Worker-21] - ScalaProject - Project TP1 runs on platform default installation.
2017-08-21 21:35:38,249  WARN [Worker-23] - ScalaProject - Project TP1 has platform default sourceLevel.
2017-08-21 21:35:38,249  WARN [Worker-23] - ScalaProject - Project TP1 runs on platform default installation.
2017-08-21 21:36:43,305  WARN [main] - ScalaProject - Project TP1 has platform default sourceLevel.
2017-08-21 21:36:43,305  WARN [main] - ScalaProject - Project TP1 runs on platform default installation.
2017-08-21 21:36:43,546  WARN [Worker-21] - ScalaProject - Project TP1 has platform default sourceLevel.
2017-08-21 21:36:43,546  WARN [Worker-21] - ScalaProject - Project TP1 runs on platform default installation.
2017-08-21 21:36:49,646  WARN [Worker-24] - ScalaProject - Project TP1 has platform default sourceLevel.
2017-08-21 21:36:49,646  WARN [Worker-24] - ScalaProject - Project TP1 runs on platform default installation.
2017-08-21 21:37:15,022  WARN [Worker-21] - ScalaProject - Project TP1 has platform default sourceLevel.
2017-08-21 21:37:15,023  WARN [Worker-21] - ScalaProject - Project TP1 runs on platform default installation.
2017-08-21 21:37:53,803 ERROR [org.scalaide.ui.internal.reconciliation.ScalaReconciler] - System.err - Exception in thread "org.scalaide.ui.internal.reconciliation.ScalaReconciler"
2017-08-21 21:37:53,807 ERROR [org.scalaide.ui.internal.reconciliation.ScalaReconciler] - System.err - java.lang.IndexOutOfBoundsException: 22
2017-08-21 21:37:53,807 ERROR [org.scalaide.ui.internal.reconciliation.ScalaReconciler] - System.err - at scala.reflect.internal.util.BatchSourceFile.lineToOffset(SourceFile.scala:170)
2017-08-21 21:37:53,813 ERROR [org.scalaide.ui.internal.reconciliation.ScalaReconciler] - System.err - at org.scalaide.core.internal.compiler.ScalaPresentationCompiler$PresentationReporter.toSingleLine(ScalaPresentationCompiler.scala:528)
2017-08-21 21:37:53,813 ERROR [org.scalaide.ui.internal.reconciliation.ScalaReconciler] - System.err - at org.scalaide.core.internal.compiler.ScalaPresentationCompiler$PresentationReporter.eclipseProblem(ScalaPresentationCompiler.scala:496)
2017-08-21 21:37:53,813 ERROR [org.scalaide.ui.internal.reconciliation.ScalaReconciler] - System.err - at org.scalaide.core.internal.compiler.ScalaPresentationCompiler.$anonfun$problemsOf$1(ScalaPresentationCompiler.scala:199)
2017-08-21 21:37:53,813 ERROR [org.scalaide.ui.internal.reconciliation.ScalaReconciler] - System.err - at scala.collection.immutable.List.flatMap(List.scala:335)
2017-08-21 21:37:53,813 ERROR [org.scalaide.ui.internal.reconciliation.ScalaReconciler] - System.err - at org.scalaide.core.internal.compiler.ScalaPresentationCompiler.problemsOf(ScalaPresentationCompiler.scala:199)
2017-08-21 21:37:53,813 ERROR [org.scalaide.ui.internal.reconciliation.ScalaReconciler] - System.err - at org.scalaide.core.internal.compiler.ScalaPresentationCompiler.problemsOf(ScalaPresentationCompiler.scala:206)
2017-08-21 21:37:53,813 ERROR [org.scalaide.ui.internal.reconciliation.ScalaReconciler] - System.err - at org.scalaide.core.compiler.InteractiveCompilationUnit.$anonfun$currentProblems$1(InteractiveCompilationUnit.scala:187)
2017-08-21 21:37:53,813 ERROR [org.scalaide.ui.internal.reconciliation.ScalaReconciler] - System.err - at org.scalaide.core.internal.compiler.PresentationCompilerProxy.$anonfun$internal$5(PresentationCompilerProxy.scala:101)
2017-08-21 21:37:53,813 ERROR [org.scalaide.ui.internal.reconciliation.ScalaReconciler] - System.err - at scala.Option.flatMap(Option.scala:171)
2017-08-21 21:37:53,813 ERROR [org.scalaide.ui.internal.reconciliation.ScalaReconciler] - System.err - at org.scalaide.core.internal.compiler.PresentationCompilerProxy.internal(PresentationCompilerProxy.scala:100)
2017-08-21 21:37:53,813 ERROR [org.scalaide.ui.internal.reconciliation.ScalaReconciler] - System.err - at org.scalaide.core.internal.compiler.PresentationCompilerProxy.apply(PresentationCompilerProxy.scala:58)
2017-08-21 21:37:53,813 ERROR [org.scalaide.ui.internal.reconciliation.ScalaReconciler] - System.err - at org.scalaide.core.compiler.InteractiveCompilationUnit.currentProblems(InteractiveCompilationUnit.scala:183)
2017-08-21 21:37:53,814 ERROR [org.scalaide.ui.internal.reconciliation.ScalaReconciler] - System.err - at org.scalaide.core.compiler.InteractiveCompilationUnit.currentProblems$(InteractiveCompilationUnit.scala:180)
2017-08-21 21:37:53,814 ERROR [org.scalaide.ui.internal.reconciliation.ScalaReconciler] - System.err - at org.scalaide.core.internal.jdt.model.ScalaSourceFile.currentProblems(ScalaSourceFile.scala:71)
2017-08-21 21:37:53,814 ERROR [org.scalaide.ui.internal.reconciliation.ScalaReconciler] - System.err - at org.scalaide.core.compiler.InteractiveCompilationUnit.forceReconcile(InteractiveCompilationUnit.scala:151)
2017-08-21 21:37:53,814 ERROR [org.scalaide.ui.internal.reconciliation.ScalaReconciler] - System.err - at org.scalaide.core.compiler.InteractiveCompilationUnit.forceReconcile$(InteractiveCompilationUnit.scala:149)
2017-08-21 21:37:53,814 ERROR [org.scalaide.ui.internal.reconciliation.ScalaReconciler] - System.err - at org.scalaide.core.internal.jdt.model.ScalaSourceFile.forceReconcile(ScalaSourceFile.scala:71)
2017-08-21 21:37:53,814 ERROR [org.scalaide.ui.internal.reconciliation.ScalaReconciler] - System.err - at org.scalaide.ui.internal.reconciliation.ScalaReconcilingStrategy.handleReconciliation(ScalaReconcilingStrategy.scala:54)
2017-08-21 21:37:53,814 ERROR [org.scalaide.ui.internal.reconciliation.ScalaReconciler] - System.err - at org.scalaide.ui.internal.reconciliation.ScalaReconcilingStrategy.reconcile(ScalaReconcilingStrategy.scala:39)
2017-08-21 21:37:53,814 ERROR [org.scalaide.ui.internal.reconciliation.ScalaReconciler] - System.err - at org.eclipse.jdt.internal.ui.text.CompositeReconcilingStrategy.reconcile(CompositeReconcilingStrategy.java:77)
2017-08-21 21:37:53,814 ERROR [org.scalaide.ui.internal.reconciliation.ScalaReconciler] - System.err - at org.eclipse.jface.text.reconciler.MonoReconciler.process(MonoReconciler.java:69)
2017-08-21 21:37:53,814 ERROR [org.scalaide.ui.internal.reconciliation.ScalaReconciler] - System.err - at org.eclipse.jface.text.reconciler.AbstractReconciler$BackgroundThread.run(AbstractReconciler.java:207)
2017-08-21 21:38:05,221  WARN [Worker-23] - ScalaProject - Project TP1 has platform default sourceLevel.
2017-08-21 21:38:05,222  WARN [Worker-23] - ScalaProject - Project TP1 runs on platform default installation.
2017-08-21 21:38:16,729  WARN [Worker-25] - ScalaProject - Project TP1 has platform default sourceLevel.
2017-08-21 21:38:16,729  WARN [Worker-25] - ScalaProject - Project TP1 runs on platform default installation.
2017-08-21 21:38:36,559  WARN [Worker-4] - ScalaProject - Project TP1 has platform default sourceLevel.
2017-08-21 21:38:36,559  WARN [Worker-4] - ScalaProject - Project TP1 runs on platform default installation.
2017-08-21 21:38:56,559  WARN [Worker-25] - ScalaProject - Project TP1 has platform default sourceLevel.
2017-08-21 21:38:56,559  WARN [Worker-25] - ScalaProject - Project TP1 runs on platform default installation.
2017-08-21 21:40:14,716  WARN [Worker-23] - ScalaProject - Project TP1 has platform default sourceLevel.
2017-08-21 21:40:14,717  WARN [Worker-23] - ScalaProject - Project TP1 runs on platform default installation.
2017-08-21 21:40:22,497  WARN [Worker-22] - ScalaProject - Project TP1 has platform default sourceLevel.
2017-08-21 21:40:22,498  WARN [Worker-22] - ScalaProject - Project TP1 runs on platform default installation.
2017-08-21 21:40:57,217  WARN [Worker-23] - ScalaProject - Project TP1 has platform default sourceLevel.
2017-08-21 21:40:57,217  WARN [Worker-23] - ScalaProject - Project TP1 runs on platform default installation.
2017-08-21 21:41:11,493  WARN [Worker-25] - ScalaProject - Project TP1 has platform default sourceLevel.
2017-08-21 21:41:11,494  WARN [Worker-25] - ScalaProject - Project TP1 runs on platform default installation.
2017-08-21 21:41:24,291  WARN [Worker-21] - ScalaProject - Project TP1 has platform default sourceLevel.
2017-08-21 21:41:24,291  WARN [Worker-21] - ScalaProject - Project TP1 runs on platform default installation.
2017-08-21 21:42:11,917  WARN [Worker-21] - ScalaProject - Project TP1 has platform default sourceLevel.
2017-08-21 21:42:11,917  WARN [Worker-21] - ScalaProject - Project TP1 runs on platform default installation.
2017-08-21 21:42:39,491  WARN [Worker-4] - ScalaProject - Project TP1 has platform default sourceLevel.
2017-08-21 21:42:39,492  WARN [Worker-4] - ScalaProject - Project TP1 runs on platform default installation.
2017-08-21 21:42:44,277  WARN [Worker-26] - ScalaProject - Project TP1 has platform default sourceLevel.
2017-08-21 21:42:44,277  WARN [Worker-26] - ScalaProject - Project TP1 runs on platform default installation.
2017-08-21 21:42:57,447  WARN [Worker-21] - ScalaProject - Project TP1 has platform default sourceLevel.
2017-08-21 21:42:57,447  WARN [Worker-21] - ScalaProject - Project TP1 runs on platform default installation.
2017-08-21 21:45:56,712 ERROR [main] - org.scala-ide.sdt.core - org.scala-ide.sdt.core - org.scala-ide.sdt.core - 0 - Throwable during asyncExec
java.lang.NullPointerException
	at scala.reflect.internal.Definitions$DefinitionsClass.isByNameParamType(Definitions.scala:388)
	at scala.reflect.internal.TreeInfo.isStableIdent(TreeInfo.scala:130)
	at scala.reflect.internal.TreeInfo.isStableIdentifier(TreeInfo.scala:106)
	at scala.reflect.internal.TreeInfo.isPath(TreeInfo.scala:95)
	at scala.reflect.internal.TreeInfo.admitsTypeSelection(TreeInfo.scala:148)
	at scala.tools.nsc.interactive.Global.stabilizedType(Global.scala:951)
	at scala.tools.nsc.interactive.Global.typedTreeAt(Global.scala:799)
	at scala.tools.nsc.interactive.Global.$anonfun$getTypedTreeAt$1(Global.scala:829)
	at scala.tools.nsc.interactive.Global.$anonfun$respond$1(Global.scala:688)
	at scala.tools.nsc.interactive.Global.respondGradually(Global.scala:695)
	at scala.tools.nsc.interactive.Global.respond(Global.scala:688)
	at scala.tools.nsc.interactive.Global.getTypedTreeAt(Global.scala:829)
	at scala.tools.nsc.interactive.CompilerControl$AskTypeAtItem.apply$mcV$sp(CompilerControl.scala:333)
	at scala.tools.nsc.interactive.Global.$anonfun$pollForWork$1(Global.scala:493)
	at scala.tools.nsc.interactive.Global.pollForWork(Global.scala:418)
	at scala.tools.nsc.interactive.Global.checkForMoreWork(Global.scala:507)
	at scala.tools.nsc.interactive.Global.signalParseProgress(Global.scala:318)
	at scala.tools.nsc.ast.parser.Parsers$Parser.funDefRest(Parsers.scala:2728)
	at scala.tools.nsc.ast.parser.Parsers$Parser.funDefOrDcl(Parsers.scala:2685)
	at scala.tools.nsc.ast.parser.Parsers$Parser.defOrDcl(Parsers.scala:2570)
	at scala.tools.nsc.ast.parser.Parsers$Parser.nonLocalDefOrDcl(Parsers.scala:2582)
	at scala.tools.nsc.ast.parser.Parsers$Parser$$anonfun$templateStat$1.$anonfun$applyOrElse$2(Parsers.scala:3139)
	at scala.tools.nsc.doc.ScaladocSyntaxAnalyzer$ScaladocUnitParser.joinComment(ScaladocAnalyzer.scala:194)
	at scala.tools.nsc.ast.parser.Parsers$Parser$$anonfun$templateStat$1.applyOrElse(Parsers.scala:3139)
	at scala.tools.nsc.ast.parser.Parsers$Parser.statSeq(Parsers.scala:3066)
	at scala.tools.nsc.ast.parser.Parsers$Parser.templateStats(Parsers.scala:3133)
	at scala.tools.nsc.ast.parser.Parsers$Parser.$anonfun$templateStatSeq$1(Parsers.scala:3120)
	at scala.tools.nsc.ast.parser.Parsers$Parser.checkNoEscapingPlaceholders(Parsers.scala:481)
	at scala.tools.nsc.ast.parser.Parsers$Parser.templateStatSeq(Parsers.scala:3097)
	at scala.tools.nsc.ast.parser.Parsers$Parser.$anonfun$templateBody$1(Parsers.scala:3026)
	at scala.tools.nsc.ast.parser.Parsers$Parser.templateBody(Parsers.scala:66)
	at scala.tools.nsc.ast.parser.Parsers$Parser.templateBodyOpt(Parsers.scala:3033)
	at scala.tools.nsc.ast.parser.Parsers$Parser.templateOpt(Parsers.scala:2997)
	at scala.tools.nsc.ast.parser.Parsers$Parser.$anonfun$classDef$1(Parsers.scala:2860)
	at scala.tools.nsc.ast.parser.Parsers$Parser.savingClassContextBounds(Parsers.scala:326)
	at scala.tools.nsc.ast.parser.Parsers$Parser.classDef(Parsers.scala:2846)
	at scala.tools.nsc.ast.parser.Parsers$Parser.tmplDef(Parsers.scala:2820)
	at scala.tools.nsc.ast.parser.Parsers$Parser.topLevelTmplDef(Parsers.scala:2805)
	at scala.tools.nsc.ast.parser.Parsers$Parser$$anonfun$topStat$1.$anonfun$applyOrElse$1(Parsers.scala:3089)
	at scala.tools.nsc.doc.ScaladocSyntaxAnalyzer$ScaladocUnitParser.joinComment(ScaladocAnalyzer.scala:194)
	at scala.tools.nsc.ast.parser.Parsers$Parser$$anonfun$topStat$1.applyOrElse(Parsers.scala:3089)
	at scala.tools.nsc.ast.parser.Parsers$Parser.statSeq(Parsers.scala:3066)
	at scala.tools.nsc.ast.parser.Parsers$Parser.topStatSeq(Parsers.scala:3081)
	at scala.tools.nsc.ast.parser.Parsers$Parser.topstats$1(Parsers.scala:3279)
	at scala.tools.nsc.ast.parser.Parsers$Parser.$anonfun$compilationUnit$1(Parsers.scala:3285)
	at scala.tools.nsc.ast.parser.Parsers$Parser.checkNoEscapingPlaceholders(Parsers.scala:481)
	at scala.tools.nsc.ast.parser.Parsers$Parser.compilationUnit(Parsers.scala:3247)
	at scala.tools.nsc.ast.parser.Parsers$SourceFileParser.$anonfun$parseStartRule$1(Parsers.scala:145)
	at scala.tools.nsc.ast.parser.Parsers$Parser.$anonfun$parse$1(Parsers.scala:351)
	at scala.tools.nsc.ast.parser.Parsers$Parser.parseRule(Parsers.scala:344)
	at scala.tools.nsc.ast.parser.Parsers$Parser.parse(Parsers.scala:351)
	at scala.tools.nsc.ast.parser.Parsers$UnitParser.$anonfun$smartParse$1(Parsers.scala:241)
	at scala.tools.nsc.ast.parser.Parsers$UnitParser.smartParse(Parsers.scala:216)
	at scala.tools.nsc.ast.parser.SyntaxAnalyzer.scala$tools$nsc$ast$parser$SyntaxAnalyzer$$initialUnitBody(SyntaxAnalyzer.scala:87)
	at scala.tools.nsc.ast.parser.SyntaxAnalyzer$ParserPhase.apply(SyntaxAnalyzer.scala:99)
	at scala.tools.nsc.Global$GlobalPhase.$anonfun$applyPhase$1(Global.scala:423)
	at scala.tools.nsc.Global$GlobalPhase.applyPhase(Global.scala:416)
	at scala.tools.nsc.Global$Run.$anonfun$compileLate$3(Global.scala:1528)
	at scala.tools.nsc.Global$Run.$anonfun$compileLate$2(Global.scala:1528)
	at scala.tools.nsc.Global$Run.$anonfun$compileLate$2$adapted(Global.scala:1527)
	at scala.collection.Iterator.foreach(Iterator.scala:929)
	at scala.collection.Iterator.foreach$(Iterator.scala:929)
	at scala.collection.AbstractIterator.foreach(Iterator.scala:1417)
	at scala.tools.nsc.Global$Run.compileLate(Global.scala:1527)
	at scala.tools.nsc.interactive.Global.parseAndEnter(Global.scala:645)
	at scala.tools.nsc.interactive.Global.$anonfun$backgroundCompile$4(Global.scala:554)
	at scala.tools.nsc.interactive.Global.$anonfun$backgroundCompile$3(Global.scala:551)
	at scala.tools.nsc.interactive.Global.backgroundCompile(Global.scala:551)
	at scala.tools.nsc.interactive.PresentationCompilerThread.run(PresentationCompilerThread.scala:25)
2017-08-21 21:45:57,390 ERROR [main] - org.scala-ide.sdt.core - org.scala-ide.sdt.core - org.scala-ide.sdt.core - 0 - Throwable during asyncExec
java.lang.NullPointerException
	at scala.reflect.internal.Definitions$DefinitionsClass.isByNameParamType(Definitions.scala:388)
	at scala.reflect.internal.TreeInfo.isStableIdent(TreeInfo.scala:130)
	at scala.reflect.internal.TreeInfo.isStableIdentifier(TreeInfo.scala:106)
	at scala.reflect.internal.TreeInfo.isPath(TreeInfo.scala:95)
	at scala.reflect.internal.TreeInfo.admitsTypeSelection(TreeInfo.scala:148)
	at scala.tools.nsc.interactive.Global.stabilizedType(Global.scala:951)
	at scala.tools.nsc.interactive.Global.typedTreeAt(Global.scala:799)
	at scala.tools.nsc.interactive.Global.$anonfun$getTypedTreeAt$1(Global.scala:829)
	at scala.tools.nsc.interactive.Global.$anonfun$respond$1(Global.scala:688)
	at scala.tools.nsc.interactive.Global.respondGradually(Global.scala:695)
	at scala.tools.nsc.interactive.Global.respond(Global.scala:688)
	at scala.tools.nsc.interactive.Global.getTypedTreeAt(Global.scala:829)
	at scala.tools.nsc.interactive.CompilerControl$AskTypeAtItem.apply$mcV$sp(CompilerControl.scala:333)
	at scala.tools.nsc.interactive.Global.$anonfun$pollForWork$1(Global.scala:493)
	at scala.tools.nsc.interactive.Global.pollForWork(Global.scala:418)
	at scala.tools.nsc.interactive.Global.checkForMoreWork(Global.scala:507)
	at scala.tools.nsc.interactive.Global.signalParseProgress(Global.scala:318)
	at scala.tools.nsc.ast.parser.Parsers$Parser.funDefRest(Parsers.scala:2728)
	at scala.tools.nsc.ast.parser.Parsers$Parser.funDefOrDcl(Parsers.scala:2685)
	at scala.tools.nsc.ast.parser.Parsers$Parser.defOrDcl(Parsers.scala:2570)
	at scala.tools.nsc.ast.parser.Parsers$Parser.nonLocalDefOrDcl(Parsers.scala:2582)
	at scala.tools.nsc.ast.parser.Parsers$Parser$$anonfun$templateStat$1.$anonfun$applyOrElse$2(Parsers.scala:3139)
	at scala.tools.nsc.doc.ScaladocSyntaxAnalyzer$ScaladocUnitParser.joinComment(ScaladocAnalyzer.scala:194)
	at scala.tools.nsc.ast.parser.Parsers$Parser$$anonfun$templateStat$1.applyOrElse(Parsers.scala:3139)
	at scala.tools.nsc.ast.parser.Parsers$Parser.statSeq(Parsers.scala:3066)
	at scala.tools.nsc.ast.parser.Parsers$Parser.templateStats(Parsers.scala:3133)
	at scala.tools.nsc.ast.parser.Parsers$Parser.$anonfun$templateStatSeq$1(Parsers.scala:3120)
	at scala.tools.nsc.ast.parser.Parsers$Parser.checkNoEscapingPlaceholders(Parsers.scala:481)
	at scala.tools.nsc.ast.parser.Parsers$Parser.templateStatSeq(Parsers.scala:3097)
	at scala.tools.nsc.ast.parser.Parsers$Parser.$anonfun$templateBody$1(Parsers.scala:3026)
	at scala.tools.nsc.ast.parser.Parsers$Parser.templateBody(Parsers.scala:66)
	at scala.tools.nsc.ast.parser.Parsers$Parser.templateBodyOpt(Parsers.scala:3033)
	at scala.tools.nsc.ast.parser.Parsers$Parser.templateOpt(Parsers.scala:2997)
	at scala.tools.nsc.ast.parser.Parsers$Parser.$anonfun$classDef$1(Parsers.scala:2860)
	at scala.tools.nsc.ast.parser.Parsers$Parser.savingClassContextBounds(Parsers.scala:326)
	at scala.tools.nsc.ast.parser.Parsers$Parser.classDef(Parsers.scala:2846)
	at scala.tools.nsc.ast.parser.Parsers$Parser.tmplDef(Parsers.scala:2820)
	at scala.tools.nsc.ast.parser.Parsers$Parser.topLevelTmplDef(Parsers.scala:2805)
	at scala.tools.nsc.ast.parser.Parsers$Parser$$anonfun$topStat$1.$anonfun$applyOrElse$1(Parsers.scala:3089)
	at scala.tools.nsc.doc.ScaladocSyntaxAnalyzer$ScaladocUnitParser.joinComment(ScaladocAnalyzer.scala:194)
	at scala.tools.nsc.ast.parser.Parsers$Parser$$anonfun$topStat$1.applyOrElse(Parsers.scala:3089)
	at scala.tools.nsc.ast.parser.Parsers$Parser.statSeq(Parsers.scala:3066)
	at scala.tools.nsc.ast.parser.Parsers$Parser.topStatSeq(Parsers.scala:3081)
	at scala.tools.nsc.ast.parser.Parsers$Parser.topstats$1(Parsers.scala:3279)
	at scala.tools.nsc.ast.parser.Parsers$Parser.$anonfun$compilationUnit$1(Parsers.scala:3285)
	at scala.tools.nsc.ast.parser.Parsers$Parser.checkNoEscapingPlaceholders(Parsers.scala:481)
	at scala.tools.nsc.ast.parser.Parsers$Parser.compilationUnit(Parsers.scala:3247)
	at scala.tools.nsc.ast.parser.Parsers$SourceFileParser.$anonfun$parseStartRule$1(Parsers.scala:145)
	at scala.tools.nsc.ast.parser.Parsers$Parser.$anonfun$parse$1(Parsers.scala:351)
	at scala.tools.nsc.ast.parser.Parsers$Parser.parseRule(Parsers.scala:344)
	at scala.tools.nsc.ast.parser.Parsers$Parser.parse(Parsers.scala:351)
	at scala.tools.nsc.ast.parser.Parsers$UnitParser.$anonfun$smartParse$1(Parsers.scala:241)
	at scala.tools.nsc.ast.parser.Parsers$UnitParser.smartParse(Parsers.scala:216)
	at scala.tools.nsc.ast.parser.SyntaxAnalyzer.scala$tools$nsc$ast$parser$SyntaxAnalyzer$$initialUnitBody(SyntaxAnalyzer.scala:87)
	at scala.tools.nsc.ast.parser.SyntaxAnalyzer$ParserPhase.apply(SyntaxAnalyzer.scala:99)
	at scala.tools.nsc.Global$GlobalPhase.$anonfun$applyPhase$1(Global.scala:423)
	at scala.tools.nsc.Global$GlobalPhase.applyPhase(Global.scala:416)
	at scala.tools.nsc.Global$Run.$anonfun$compileLate$3(Global.scala:1528)
	at scala.tools.nsc.Global$Run.$anonfun$compileLate$2(Global.scala:1528)
	at scala.tools.nsc.Global$Run.$anonfun$compileLate$2$adapted(Global.scala:1527)
	at scala.collection.Iterator.foreach(Iterator.scala:929)
	at scala.collection.Iterator.foreach$(Iterator.scala:929)
	at scala.collection.AbstractIterator.foreach(Iterator.scala:1417)
	at scala.tools.nsc.Global$Run.compileLate(Global.scala:1527)
	at scala.tools.nsc.interactive.Global.parseAndEnter(Global.scala:645)
	at scala.tools.nsc.interactive.Global.$anonfun$backgroundCompile$4(Global.scala:554)
	at scala.tools.nsc.interactive.Global.$anonfun$backgroundCompile$3(Global.scala:551)
	at scala.tools.nsc.interactive.Global.backgroundCompile(Global.scala:551)
	at scala.tools.nsc.interactive.PresentationCompilerThread.run(PresentationCompilerThread.scala:25)
2017-08-21 21:46:00,165 ERROR [main] - org.scala-ide.sdt.core - org.scala-ide.sdt.core - org.scala-ide.sdt.core - 0 - Throwable during asyncExec
java.lang.NullPointerException
	at scala.reflect.internal.Definitions$DefinitionsClass.isByNameParamType(Definitions.scala:388)
	at scala.reflect.internal.TreeInfo.isStableIdent(TreeInfo.scala:130)
	at scala.reflect.internal.TreeInfo.isStableIdentifier(TreeInfo.scala:106)
	at scala.reflect.internal.TreeInfo.isPath(TreeInfo.scala:95)
	at scala.reflect.internal.TreeInfo.admitsTypeSelection(TreeInfo.scala:148)
	at scala.tools.nsc.interactive.Global.stabilizedType(Global.scala:951)
	at scala.tools.nsc.interactive.Global.typedTreeAt(Global.scala:799)
	at scala.tools.nsc.interactive.Global.$anonfun$getTypedTreeAt$1(Global.scala:829)
	at scala.tools.nsc.interactive.Global.$anonfun$respond$1(Global.scala:688)
	at scala.tools.nsc.interactive.Global.respondGradually(Global.scala:695)
	at scala.tools.nsc.interactive.Global.respond(Global.scala:688)
	at scala.tools.nsc.interactive.Global.getTypedTreeAt(Global.scala:829)
	at scala.tools.nsc.interactive.CompilerControl$AskTypeAtItem.apply$mcV$sp(CompilerControl.scala:333)
	at scala.tools.nsc.interactive.Global.$anonfun$pollForWork$1(Global.scala:493)
	at scala.tools.nsc.interactive.Global.pollForWork(Global.scala:418)
	at scala.tools.nsc.interactive.Global.checkForMoreWork(Global.scala:507)
	at scala.tools.nsc.interactive.Global.signalParseProgress(Global.scala:318)
	at scala.tools.nsc.ast.parser.Parsers$Parser.funDefRest(Parsers.scala:2728)
	at scala.tools.nsc.ast.parser.Parsers$Parser.funDefOrDcl(Parsers.scala:2685)
	at scala.tools.nsc.ast.parser.Parsers$Parser.defOrDcl(Parsers.scala:2570)
	at scala.tools.nsc.ast.parser.Parsers$Parser.nonLocalDefOrDcl(Parsers.scala:2582)
	at scala.tools.nsc.ast.parser.Parsers$Parser$$anonfun$templateStat$1.$anonfun$applyOrElse$2(Parsers.scala:3139)
	at scala.tools.nsc.doc.ScaladocSyntaxAnalyzer$ScaladocUnitParser.joinComment(ScaladocAnalyzer.scala:194)
	at scala.tools.nsc.ast.parser.Parsers$Parser$$anonfun$templateStat$1.applyOrElse(Parsers.scala:3139)
	at scala.tools.nsc.ast.parser.Parsers$Parser.statSeq(Parsers.scala:3066)
	at scala.tools.nsc.ast.parser.Parsers$Parser.templateStats(Parsers.scala:3133)
	at scala.tools.nsc.ast.parser.Parsers$Parser.$anonfun$templateStatSeq$1(Parsers.scala:3120)
	at scala.tools.nsc.ast.parser.Parsers$Parser.checkNoEscapingPlaceholders(Parsers.scala:481)
	at scala.tools.nsc.ast.parser.Parsers$Parser.templateStatSeq(Parsers.scala:3097)
	at scala.tools.nsc.ast.parser.Parsers$Parser.$anonfun$templateBody$1(Parsers.scala:3026)
	at scala.tools.nsc.ast.parser.Parsers$Parser.templateBody(Parsers.scala:66)
	at scala.tools.nsc.ast.parser.Parsers$Parser.templateBodyOpt(Parsers.scala:3033)
	at scala.tools.nsc.ast.parser.Parsers$Parser.templateOpt(Parsers.scala:2997)
	at scala.tools.nsc.ast.parser.Parsers$Parser.$anonfun$classDef$1(Parsers.scala:2860)
	at scala.tools.nsc.ast.parser.Parsers$Parser.savingClassContextBounds(Parsers.scala:326)
	at scala.tools.nsc.ast.parser.Parsers$Parser.classDef(Parsers.scala:2846)
	at scala.tools.nsc.ast.parser.Parsers$Parser.tmplDef(Parsers.scala:2820)
	at scala.tools.nsc.ast.parser.Parsers$Parser.topLevelTmplDef(Parsers.scala:2805)
	at scala.tools.nsc.ast.parser.Parsers$Parser$$anonfun$topStat$1.$anonfun$applyOrElse$1(Parsers.scala:3089)
	at scala.tools.nsc.doc.ScaladocSyntaxAnalyzer$ScaladocUnitParser.joinComment(ScaladocAnalyzer.scala:194)
	at scala.tools.nsc.ast.parser.Parsers$Parser$$anonfun$topStat$1.applyOrElse(Parsers.scala:3089)
	at scala.tools.nsc.ast.parser.Parsers$Parser.statSeq(Parsers.scala:3066)
	at scala.tools.nsc.ast.parser.Parsers$Parser.topStatSeq(Parsers.scala:3081)
	at scala.tools.nsc.ast.parser.Parsers$Parser.topstats$1(Parsers.scala:3279)
	at scala.tools.nsc.ast.parser.Parsers$Parser.$anonfun$compilationUnit$1(Parsers.scala:3285)
	at scala.tools.nsc.ast.parser.Parsers$Parser.checkNoEscapingPlaceholders(Parsers.scala:481)
	at scala.tools.nsc.ast.parser.Parsers$Parser.compilationUnit(Parsers.scala:3247)
	at scala.tools.nsc.ast.parser.Parsers$SourceFileParser.$anonfun$parseStartRule$1(Parsers.scala:145)
	at scala.tools.nsc.ast.parser.Parsers$Parser.$anonfun$parse$1(Parsers.scala:351)
	at scala.tools.nsc.ast.parser.Parsers$Parser.parseRule(Parsers.scala:344)
	at scala.tools.nsc.ast.parser.Parsers$Parser.parse(Parsers.scala:351)
	at scala.tools.nsc.ast.parser.Parsers$UnitParser.$anonfun$smartParse$1(Parsers.scala:241)
	at scala.tools.nsc.ast.parser.Parsers$UnitParser.smartParse(Parsers.scala:216)
	at scala.tools.nsc.ast.parser.SyntaxAnalyzer.scala$tools$nsc$ast$parser$SyntaxAnalyzer$$initialUnitBody(SyntaxAnalyzer.scala:87)
	at scala.tools.nsc.ast.parser.SyntaxAnalyzer$ParserPhase.apply(SyntaxAnalyzer.scala:99)
	at scala.tools.nsc.Global$GlobalPhase.$anonfun$applyPhase$1(Global.scala:423)
	at scala.tools.nsc.Global$GlobalPhase.applyPhase(Global.scala:416)
	at scala.tools.nsc.Global$Run.$anonfun$compileLate$3(Global.scala:1528)
	at scala.tools.nsc.Global$Run.$anonfun$compileLate$2(Global.scala:1528)
	at scala.tools.nsc.Global$Run.$anonfun$compileLate$2$adapted(Global.scala:1527)
	at scala.collection.Iterator.foreach(Iterator.scala:929)
	at scala.collection.Iterator.foreach$(Iterator.scala:929)
	at scala.collection.AbstractIterator.foreach(Iterator.scala:1417)
	at scala.tools.nsc.Global$Run.compileLate(Global.scala:1527)
	at scala.tools.nsc.interactive.Global.parseAndEnter(Global.scala:645)
	at scala.tools.nsc.interactive.Global.$anonfun$backgroundCompile$4(Global.scala:554)
	at scala.tools.nsc.interactive.Global.$anonfun$backgroundCompile$3(Global.scala:551)
	at scala.tools.nsc.interactive.Global.backgroundCompile(Global.scala:551)
	at scala.tools.nsc.interactive.PresentationCompilerThread.run(PresentationCompilerThread.scala:25)
2017-08-21 21:46:17,349  WARN [Worker-22] - ScalaProject - Project TP1 has platform default sourceLevel.
2017-08-21 21:46:17,349  WARN [Worker-22] - ScalaProject - Project TP1 runs on platform default installation.
2017-08-21 21:46:26,049  WARN [Worker-25] - ScalaProject - Project TP1 has platform default sourceLevel.
2017-08-21 21:46:26,049  WARN [Worker-25] - ScalaProject - Project TP1 runs on platform default installation.
2017-08-21 21:46:37,749  WARN [Worker-22] - ScalaProject - Project TP1 has platform default sourceLevel.
2017-08-21 21:46:37,750  WARN [Worker-22] - ScalaProject - Project TP1 runs on platform default installation.
2017-08-21 21:46:48,338  WARN [Worker-4] - ScalaProject - Project TP1 has platform default sourceLevel.
2017-08-21 21:46:48,338  WARN [Worker-4] - ScalaProject - Project TP1 runs on platform default installation.
2017-08-21 21:46:57,801  WARN [Worker-21] - ScalaProject - Project TP1 has platform default sourceLevel.
2017-08-21 21:46:57,802  WARN [Worker-21] - ScalaProject - Project TP1 runs on platform default installation.
2017-08-21 21:47:30,944  WARN [Worker-4] - ScalaProject - Project TP1 has platform default sourceLevel.
2017-08-21 21:47:30,944  WARN [Worker-4] - ScalaProject - Project TP1 runs on platform default installation.
2017-08-21 21:47:49,803 ERROR [main] - org.scala-ide.sdt.core - org.scala-ide.sdt.core - org.scala-ide.sdt.core - 0 - Throwable during asyncExec
java.lang.NullPointerException
	at scala.reflect.internal.Definitions$DefinitionsClass.isByNameParamType(Definitions.scala:388)
	at scala.reflect.internal.TreeInfo.isStableIdent(TreeInfo.scala:130)
	at scala.reflect.internal.TreeInfo.isStableIdentifier(TreeInfo.scala:106)
	at scala.reflect.internal.TreeInfo.isPath(TreeInfo.scala:95)
	at scala.reflect.internal.TreeInfo.admitsTypeSelection(TreeInfo.scala:148)
	at scala.tools.nsc.interactive.Global.stabilizedType(Global.scala:951)
	at scala.tools.nsc.interactive.Global.typedTreeAt(Global.scala:799)
	at scala.tools.nsc.interactive.Global.$anonfun$getTypedTreeAt$1(Global.scala:829)
	at scala.tools.nsc.interactive.Global.$anonfun$respond$1(Global.scala:688)
	at scala.tools.nsc.interactive.Global.respondGradually(Global.scala:695)
	at scala.tools.nsc.interactive.Global.respond(Global.scala:688)
	at scala.tools.nsc.interactive.Global.getTypedTreeAt(Global.scala:829)
	at scala.tools.nsc.interactive.CompilerControl$AskTypeAtItem.apply$mcV$sp(CompilerControl.scala:333)
	at scala.tools.nsc.interactive.Global.$anonfun$pollForWork$1(Global.scala:493)
	at scala.tools.nsc.interactive.Global.pollForWork(Global.scala:418)
	at scala.tools.nsc.interactive.Global.checkForMoreWork(Global.scala:507)
	at scala.tools.nsc.interactive.Global.signalParseProgress(Global.scala:318)
	at scala.tools.nsc.ast.parser.Parsers$Parser.funDefRest(Parsers.scala:2728)
	at scala.tools.nsc.ast.parser.Parsers$Parser.funDefOrDcl(Parsers.scala:2685)
	at scala.tools.nsc.ast.parser.Parsers$Parser.defOrDcl(Parsers.scala:2570)
	at scala.tools.nsc.ast.parser.Parsers$Parser.nonLocalDefOrDcl(Parsers.scala:2582)
	at scala.tools.nsc.ast.parser.Parsers$Parser$$anonfun$templateStat$1.$anonfun$applyOrElse$2(Parsers.scala:3139)
	at scala.tools.nsc.doc.ScaladocSyntaxAnalyzer$ScaladocUnitParser.joinComment(ScaladocAnalyzer.scala:194)
	at scala.tools.nsc.ast.parser.Parsers$Parser$$anonfun$templateStat$1.applyOrElse(Parsers.scala:3139)
	at scala.tools.nsc.ast.parser.Parsers$Parser.statSeq(Parsers.scala:3066)
	at scala.tools.nsc.ast.parser.Parsers$Parser.templateStats(Parsers.scala:3133)
	at scala.tools.nsc.ast.parser.Parsers$Parser.$anonfun$templateStatSeq$1(Parsers.scala:3120)
	at scala.tools.nsc.ast.parser.Parsers$Parser.checkNoEscapingPlaceholders(Parsers.scala:481)
	at scala.tools.nsc.ast.parser.Parsers$Parser.templateStatSeq(Parsers.scala:3097)
	at scala.tools.nsc.ast.parser.Parsers$Parser.$anonfun$templateBody$1(Parsers.scala:3026)
	at scala.tools.nsc.ast.parser.Parsers$Parser.templateBody(Parsers.scala:66)
	at scala.tools.nsc.ast.parser.Parsers$Parser.templateBodyOpt(Parsers.scala:3033)
	at scala.tools.nsc.ast.parser.Parsers$Parser.templateOpt(Parsers.scala:2997)
	at scala.tools.nsc.ast.parser.Parsers$Parser.$anonfun$classDef$1(Parsers.scala:2860)
	at scala.tools.nsc.ast.parser.Parsers$Parser.savingClassContextBounds(Parsers.scala:326)
	at scala.tools.nsc.ast.parser.Parsers$Parser.classDef(Parsers.scala:2846)
	at scala.tools.nsc.ast.parser.Parsers$Parser.tmplDef(Parsers.scala:2820)
	at scala.tools.nsc.ast.parser.Parsers$Parser.topLevelTmplDef(Parsers.scala:2805)
	at scala.tools.nsc.ast.parser.Parsers$Parser$$anonfun$topStat$1.$anonfun$applyOrElse$1(Parsers.scala:3089)
	at scala.tools.nsc.doc.ScaladocSyntaxAnalyzer$ScaladocUnitParser.joinComment(ScaladocAnalyzer.scala:194)
	at scala.tools.nsc.ast.parser.Parsers$Parser$$anonfun$topStat$1.applyOrElse(Parsers.scala:3089)
	at scala.tools.nsc.ast.parser.Parsers$Parser.statSeq(Parsers.scala:3066)
	at scala.tools.nsc.ast.parser.Parsers$Parser.topStatSeq(Parsers.scala:3081)
	at scala.tools.nsc.ast.parser.Parsers$Parser.topstats$1(Parsers.scala:3279)
	at scala.tools.nsc.ast.parser.Parsers$Parser.$anonfun$compilationUnit$1(Parsers.scala:3285)
	at scala.tools.nsc.ast.parser.Parsers$Parser.checkNoEscapingPlaceholders(Parsers.scala:481)
	at scala.tools.nsc.ast.parser.Parsers$Parser.compilationUnit(Parsers.scala:3247)
	at scala.tools.nsc.ast.parser.Parsers$SourceFileParser.$anonfun$parseStartRule$1(Parsers.scala:145)
	at scala.tools.nsc.ast.parser.Parsers$Parser.$anonfun$parse$1(Parsers.scala:351)
	at scala.tools.nsc.ast.parser.Parsers$Parser.parseRule(Parsers.scala:344)
	at scala.tools.nsc.ast.parser.Parsers$Parser.parse(Parsers.scala:351)
	at scala.tools.nsc.ast.parser.Parsers$UnitParser.$anonfun$smartParse$1(Parsers.scala:241)
	at scala.tools.nsc.ast.parser.Parsers$UnitParser.smartParse(Parsers.scala:216)
	at scala.tools.nsc.ast.parser.SyntaxAnalyzer.scala$tools$nsc$ast$parser$SyntaxAnalyzer$$initialUnitBody(SyntaxAnalyzer.scala:87)
	at scala.tools.nsc.ast.parser.SyntaxAnalyzer$ParserPhase.apply(SyntaxAnalyzer.scala:99)
	at scala.tools.nsc.Global$GlobalPhase.$anonfun$applyPhase$1(Global.scala:423)
	at scala.tools.nsc.Global$GlobalPhase.applyPhase(Global.scala:416)
	at scala.tools.nsc.Global$Run.$anonfun$compileLate$3(Global.scala:1528)
	at scala.tools.nsc.Global$Run.$anonfun$compileLate$2(Global.scala:1528)
	at scala.tools.nsc.Global$Run.$anonfun$compileLate$2$adapted(Global.scala:1527)
	at scala.collection.Iterator.foreach(Iterator.scala:929)
	at scala.collection.Iterator.foreach$(Iterator.scala:929)
	at scala.collection.AbstractIterator.foreach(Iterator.scala:1417)
	at scala.tools.nsc.Global$Run.compileLate(Global.scala:1527)
	at scala.tools.nsc.interactive.Global.parseAndEnter(Global.scala:645)
	at scala.tools.nsc.interactive.Global.$anonfun$backgroundCompile$4(Global.scala:554)
	at scala.tools.nsc.interactive.Global.$anonfun$backgroundCompile$3(Global.scala:551)
	at scala.tools.nsc.interactive.Global.backgroundCompile(Global.scala:551)
	at scala.tools.nsc.interactive.PresentationCompilerThread.run(PresentationCompilerThread.scala:25)
2017-08-21 21:47:51,634 ERROR [main] - org.scala-ide.sdt.core - org.scala-ide.sdt.core - org.scala-ide.sdt.core - 0 - Throwable during asyncExec
java.lang.NullPointerException
	at scala.reflect.internal.Definitions$DefinitionsClass.isByNameParamType(Definitions.scala:388)
	at scala.reflect.internal.TreeInfo.isStableIdent(TreeInfo.scala:130)
	at scala.reflect.internal.TreeInfo.isStableIdentifier(TreeInfo.scala:106)
	at scala.reflect.internal.TreeInfo.isPath(TreeInfo.scala:95)
	at scala.reflect.internal.TreeInfo.admitsTypeSelection(TreeInfo.scala:148)
	at scala.tools.nsc.interactive.Global.stabilizedType(Global.scala:951)
	at scala.tools.nsc.interactive.Global.typedTreeAt(Global.scala:799)
	at scala.tools.nsc.interactive.Global.$anonfun$getTypedTreeAt$1(Global.scala:829)
	at scala.tools.nsc.interactive.Global.$anonfun$respond$1(Global.scala:688)
	at scala.tools.nsc.interactive.Global.respondGradually(Global.scala:695)
	at scala.tools.nsc.interactive.Global.respond(Global.scala:688)
	at scala.tools.nsc.interactive.Global.getTypedTreeAt(Global.scala:829)
	at scala.tools.nsc.interactive.CompilerControl$AskTypeAtItem.apply$mcV$sp(CompilerControl.scala:333)
	at scala.tools.nsc.interactive.Global.$anonfun$pollForWork$1(Global.scala:493)
	at scala.tools.nsc.interactive.Global.pollForWork(Global.scala:418)
	at scala.tools.nsc.interactive.Global.checkForMoreWork(Global.scala:507)
	at scala.tools.nsc.interactive.Global.signalParseProgress(Global.scala:318)
	at scala.tools.nsc.ast.parser.Parsers$Parser.funDefRest(Parsers.scala:2728)
	at scala.tools.nsc.ast.parser.Parsers$Parser.funDefOrDcl(Parsers.scala:2685)
	at scala.tools.nsc.ast.parser.Parsers$Parser.defOrDcl(Parsers.scala:2570)
	at scala.tools.nsc.ast.parser.Parsers$Parser.nonLocalDefOrDcl(Parsers.scala:2582)
	at scala.tools.nsc.ast.parser.Parsers$Parser$$anonfun$templateStat$1.$anonfun$applyOrElse$2(Parsers.scala:3139)
	at scala.tools.nsc.doc.ScaladocSyntaxAnalyzer$ScaladocUnitParser.joinComment(ScaladocAnalyzer.scala:194)
	at scala.tools.nsc.ast.parser.Parsers$Parser$$anonfun$templateStat$1.applyOrElse(Parsers.scala:3139)
	at scala.tools.nsc.ast.parser.Parsers$Parser.statSeq(Parsers.scala:3066)
	at scala.tools.nsc.ast.parser.Parsers$Parser.templateStats(Parsers.scala:3133)
	at scala.tools.nsc.ast.parser.Parsers$Parser.$anonfun$templateStatSeq$1(Parsers.scala:3120)
	at scala.tools.nsc.ast.parser.Parsers$Parser.checkNoEscapingPlaceholders(Parsers.scala:481)
	at scala.tools.nsc.ast.parser.Parsers$Parser.templateStatSeq(Parsers.scala:3097)
	at scala.tools.nsc.ast.parser.Parsers$Parser.$anonfun$templateBody$1(Parsers.scala:3026)
	at scala.tools.nsc.ast.parser.Parsers$Parser.templateBody(Parsers.scala:66)
	at scala.tools.nsc.ast.parser.Parsers$Parser.templateBodyOpt(Parsers.scala:3033)
	at scala.tools.nsc.ast.parser.Parsers$Parser.templateOpt(Parsers.scala:2997)
	at scala.tools.nsc.ast.parser.Parsers$Parser.$anonfun$classDef$1(Parsers.scala:2860)
	at scala.tools.nsc.ast.parser.Parsers$Parser.savingClassContextBounds(Parsers.scala:326)
	at scala.tools.nsc.ast.parser.Parsers$Parser.classDef(Parsers.scala:2846)
	at scala.tools.nsc.ast.parser.Parsers$Parser.tmplDef(Parsers.scala:2820)
	at scala.tools.nsc.ast.parser.Parsers$Parser.topLevelTmplDef(Parsers.scala:2805)
	at scala.tools.nsc.ast.parser.Parsers$Parser$$anonfun$topStat$1.$anonfun$applyOrElse$1(Parsers.scala:3089)
	at scala.tools.nsc.doc.ScaladocSyntaxAnalyzer$ScaladocUnitParser.joinComment(ScaladocAnalyzer.scala:194)
	at scala.tools.nsc.ast.parser.Parsers$Parser$$anonfun$topStat$1.applyOrElse(Parsers.scala:3089)
	at scala.tools.nsc.ast.parser.Parsers$Parser.statSeq(Parsers.scala:3066)
	at scala.tools.nsc.ast.parser.Parsers$Parser.topStatSeq(Parsers.scala:3081)
	at scala.tools.nsc.ast.parser.Parsers$Parser.topstats$1(Parsers.scala:3279)
	at scala.tools.nsc.ast.parser.Parsers$Parser.$anonfun$compilationUnit$1(Parsers.scala:3285)
	at scala.tools.nsc.ast.parser.Parsers$Parser.checkNoEscapingPlaceholders(Parsers.scala:481)
	at scala.tools.nsc.ast.parser.Parsers$Parser.compilationUnit(Parsers.scala:3247)
	at scala.tools.nsc.ast.parser.Parsers$SourceFileParser.$anonfun$parseStartRule$1(Parsers.scala:145)
	at scala.tools.nsc.ast.parser.Parsers$Parser.$anonfun$parse$1(Parsers.scala:351)
	at scala.tools.nsc.ast.parser.Parsers$Parser.parseRule(Parsers.scala:344)
	at scala.tools.nsc.ast.parser.Parsers$Parser.parse(Parsers.scala:351)
	at scala.tools.nsc.ast.parser.Parsers$UnitParser.$anonfun$smartParse$1(Parsers.scala:241)
	at scala.tools.nsc.ast.parser.Parsers$UnitParser.smartParse(Parsers.scala:216)
	at scala.tools.nsc.ast.parser.SyntaxAnalyzer.scala$tools$nsc$ast$parser$SyntaxAnalyzer$$initialUnitBody(SyntaxAnalyzer.scala:87)
	at scala.tools.nsc.ast.parser.SyntaxAnalyzer$ParserPhase.apply(SyntaxAnalyzer.scala:99)
	at scala.tools.nsc.Global$GlobalPhase.$anonfun$applyPhase$1(Global.scala:423)
	at scala.tools.nsc.Global$GlobalPhase.applyPhase(Global.scala:416)
	at scala.tools.nsc.Global$Run.$anonfun$compileLate$3(Global.scala:1528)
	at scala.tools.nsc.Global$Run.$anonfun$compileLate$2(Global.scala:1528)
	at scala.tools.nsc.Global$Run.$anonfun$compileLate$2$adapted(Global.scala:1527)
	at scala.collection.Iterator.foreach(Iterator.scala:929)
	at scala.collection.Iterator.foreach$(Iterator.scala:929)
	at scala.collection.AbstractIterator.foreach(Iterator.scala:1417)
	at scala.tools.nsc.Global$Run.compileLate(Global.scala:1527)
	at scala.tools.nsc.interactive.Global.parseAndEnter(Global.scala:645)
	at scala.tools.nsc.interactive.Global.$anonfun$backgroundCompile$4(Global.scala:554)
	at scala.tools.nsc.interactive.Global.$anonfun$backgroundCompile$3(Global.scala:551)
	at scala.tools.nsc.interactive.Global.backgroundCompile(Global.scala:551)
	at scala.tools.nsc.interactive.PresentationCompilerThread.run(PresentationCompilerThread.scala:25)
2017-08-21 21:48:14,951  WARN [Worker-21] - ScalaProject - Project TP1 has platform default sourceLevel.
2017-08-21 21:48:14,951  WARN [Worker-21] - ScalaProject - Project TP1 runs on platform default installation.
